# JRE version: OpenJDK Runtime Environment Temurin-17.0.12+7 (17.0.12+7) (build 17.0.12+7)
# Java VM: OpenJDK 64-Bit Server VM Temurin-17.0.12+7 (17.0.12+7, mixed mode, emulated-client, tiered, compressed oops, compressed class ptrs, g1 gc, windows-amd64)
GC Precious Log:
 CPUs: 12 total, 12 available
 Memory: 7830M
 Large Page Support: Disabled
 NUMA Support: Disabled
 Compressed Oops: Enabled (32-bit)
 Heap Region Size: 1M
 Heap Min Capacity: 8M
 Heap Initial Capacity: 124M
 Heap Max Capacity: 1G
 Pre-touch: Disabled
 Parallel Workers: 10
 Concurrent Workers: 3
 Concurrent Refinement Workers: 10
 Periodic GC: Disabled
Heap:
 garbage-first heap   total 91136K, used 41469K [0x00000000c0000000, 0x0000000100000000)
  region size 1024K, 1 young (1024K), 0 survivors (0K)
 Metaspace       used 63014K, committed 63616K, reserved 1114112K
  class space    used 7988K, committed 8256K, reserved 1048576K
GC Heap History (20 events):
Event: 60872.674 GC heap after
{Heap after GC invocations=2548 (full 2525):
 garbage-first heap   total 91136K, used 41554K [0x00000000c0000000, 0x0000000100000000)
  region size 1024K, 0 young (0K), 0 survivors (0K)
 Metaspace       used 63063K, committed 63616K, reserved 1114112K
  class space    used 7996K, committed 8256K, reserved 1048576K
}
Event: 60883.139 GC heap before
{Heap before GC invocations=2548 (full 2525):
 garbage-first heap   total 91136K, used 41554K [0x00000000c0000000, 0x0000000100000000)
  region size 1024K, 1 young (1024K), 0 survivors (0K)
 Metaspace       used 63063K, committed 63616K, reserved 1114112K
  class space    used 7996K, committed 8256K, reserved 1048576K
}
Event: 60883.666 GC heap after
{Heap after GC invocations=2549 (full 2526):
 garbage-first heap   total 91136K, used 41476K [0x00000000c0000000, 0x0000000100000000)
  region size 1024K, 0 young (0K), 0 survivors (0K)
 Metaspace       used 63023K, committed 63616K, reserved 1114112K
  class space    used 7990K, committed 8256K, reserved 1048576K
}
Event: 60894.089 GC heap before
{Heap before GC invocations=2549 (full 2526):
 garbage-first heap   total 91136K, used 41476K [0x00000000c0000000, 0x0000000100000000)
  region size 1024K, 1 young (1024K), 0 survivors (0K)
 Metaspace       used 63023K, committed 63616K, reserved 1114112K
  class space    used 7990K, committed 8256K, reserved 1048576K
}
Event: 60894.196 GC heap after
{Heap after GC invocations=2550 (full 2527):
 garbage-first heap   total 91136K, used 41469K [0x00000000c0000000, 0x0000000100000000)
  region size 1024K, 0 young (0K), 0 survivors (0K)
 Metaspace       used 63014K, committed 63616K, reserved 1114112K
  class space    used 7988K, committed 8256K, reserved 1048576K
}
Event: 60904.616 GC heap before
{Heap before GC invocations=2550 (full 2527):
 garbage-first heap   total 91136K, used 41469K [0x00000000c0000000, 0x0000000100000000)
  region size 1024K, 1 young (1024K), 0 survivors (0K)
 Metaspace       used 63014K, committed 63616K, reserved 1114112K
  class space    used 7988K, committed 8256K, reserved 1048576K
}
Event: 60904.723 GC heap after
{Heap after GC invocations=2551 (full 2528):
 garbage-first heap   total 91136K, used 41469K [0x00000000c0000000, 0x0000000100000000)
  region size 1024K, 0 young (0K), 0 survivors (0K)
 Metaspace       used 63014K, committed 63616K, reserved 1114112K
  class space    used 7988K, committed 8256K, reserved 1048576K
}
Event: 60915.160 GC heap before
{Heap before GC invocations=2551 (full 2528):
 garbage-first heap   total 91136K, used 41469K [0x00000000c0000000, 0x0000000100000000)
  region size 1024K, 1 young (1024K), 0 survivors (0K)
 Metaspace       used 63014K, committed 63616K, reserved 1114112K
  class space    used 7988K, committed 8256K, reserved 1048576K
}
Event: 60915.285 GC heap after
{Heap after GC invocations=2552 (full 2529):
 garbage-first heap   total 91136K, used 41469K [0x00000000c0000000, 0x0000000100000000)
  region size 1024K, 0 young (0K), 0 survivors (0K)
 Metaspace       used 63014K, committed 63616K, reserved 1114112K
  class space    used 7988K, committed 8256K, reserved 1048576K
}
Event: 60925.663 GC heap before
{Heap before GC invocations=2552 (full 2529):
 garbage-first heap   total 91136K, used 41469K [0x00000000c0000000, 0x0000000100000000)
  region size 1024K, 1 young (1024K), 0 survivors (0K)
 Metaspace       used 63014K, committed 63616K, reserved 1114112K
  class space    used 7988K, committed 8256K, reserved 1048576K
}
Event: 60925.766 GC heap after
{Heap after GC invocations=2553 (full 2530):
 garbage-first heap   total 91136K, used 41469K [0x00000000c0000000, 0x0000000100000000)
  region size 1024K, 0 young (0K), 0 survivors (0K)
 Metaspace       used 63014K, committed 63616K, reserved 1114112K
  class space    used 7988K, committed 8256K, reserved 1048576K
}
Event: 60936.183 GC heap before
{Heap before GC invocations=2553 (full 2530):
 garbage-first heap   total 91136K, used 41469K [0x00000000c0000000, 0x0000000100000000)
  region size 1024K, 1 young (1024K), 0 survivors (0K)
 Metaspace       used 63014K, committed 63616K, reserved 1114112K
  class space    used 7988K, committed 8256K, reserved 1048576K
}
Event: 60936.306 GC heap after
{Heap after GC invocations=2554 (full 2531):
 garbage-first heap   total 91136K, used 41469K [0x00000000c0000000, 0x0000000100000000)
  region size 1024K, 0 young (0K), 0 survivors (0K)
 Metaspace       used 63014K, committed 63616K, reserved 1114112K
  class space    used 7988K, committed 8256K, reserved 1048576K
}
Event: 60946.689 GC heap before
{Heap before GC invocations=2554 (full 2531):
 garbage-first heap   total 91136K, used 41469K [0x00000000c0000000, 0x0000000100000000)
  region size 1024K, 1 young (1024K), 0 survivors (0K)
 Metaspace       used 63014K, committed 63616K, reserved 1114112K
  class space    used 7988K, committed 8256K, reserved 1048576K
}
Event: 60946.806 GC heap after
{Heap after GC invocations=2555 (full 2532):
 garbage-first heap   total 91136K, used 41469K [0x00000000c0000000, 0x0000000100000000)
  region size 1024K, 0 young (0K), 0 survivors (0K)
 Metaspace       used 63014K, committed 63616K, reserved 1114112K
  class space    used 7988K, committed 8256K, reserved 1048576K
}
Event: 60957.251 GC heap before
{Heap before GC invocations=2555 (full 2532):
 garbage-first heap   total 91136K, used 41469K [0x00000000c0000000, 0x0000000100000000)
  region size 1024K, 1 young (1024K), 0 survivors (0K)
 Metaspace       used 63014K, committed 63616K, reserved 1114112K
  class space    used 7988K, committed 8256K, reserved 1048576K
}
Event: 60957.366 GC heap after
{Heap after GC invocations=2556 (full 2533):
 garbage-first heap   total 91136K, used 41469K [0x00000000c0000000, 0x0000000100000000)
  region size 1024K, 0 young (0K), 0 survivors (0K)
 Metaspace       used 63014K, committed 63616K, reserved 1114112K
  class space    used 7988K, committed 8256K, reserved 1048576K
}
Event: 60967.718 GC heap before
{Heap before GC invocations=2556 (full 2533):
 garbage-first heap   total 91136K, used 41469K [0x00000000c0000000, 0x0000000100000000)
  region size 1024K, 1 young (1024K), 0 survivors (0K)
 Metaspace       used 63014K, committed 63616K, reserved 1114112K
  class space    used 7988K, committed 8256K, reserved 1048576K
}
Event: 60967.834 GC heap after
{Heap after GC invocations=2557 (full 2534):
 garbage-first heap   total 91136K, used 41469K [0x00000000c0000000, 0x0000000100000000)
  region size 1024K, 0 young (0K), 0 survivors (0K)
 Metaspace       used 63014K, committed 63616K, reserved 1114112K
  class space    used 7988K, committed 8256K, reserved 1048576K
}
Event: 60977.907 GC heap before
{Heap before GC invocations=2557 (full 2534):
 garbage-first heap   total 91136K, used 41469K [0x00000000c0000000, 0x0000000100000000)
  region size 1024K, 1 young (1024K), 0 survivors (0K)
 Metaspace       used 63014K, committed 63616K, reserved 1114112K
  class space    used 7988K, committed 8256K, reserved 1048576K
}

