# JRE version: OpenJDK Runtime Environment Temurin-17.0.12+7 (17.0.12+7) (build 17.0.12+7)
# Java VM: OpenJDK 64-Bit Server VM Temurin-17.0.12+7 (17.0.12+7, mixed mode, emulated-client, tiered, compressed oops, compressed class ptrs, g1 gc, windows-amd64)
GC Precious Log:
 CPUs: 12 total, 12 available
 Memory: 7830M
 Large Page Support: Disabled
 NUMA Support: Disabled
 Compressed Oops: Enabled (32-bit)
 Heap Region Size: 1M
 Heap Min Capacity: 8M
 Heap Initial Capacity: 124M
 Heap Max Capacity: 1G
 Pre-touch: Disabled
 Parallel Workers: 10
 Concurrent Workers: 3
 Concurrent Refinement Workers: 10
 Periodic GC: Disabled
Heap:
 garbage-first heap   total 86016K, used 25181K [0x00000000c0000000, 0x0000000100000000)
  region size 1024K, 1 young (1024K), 0 survivors (0K)
 Metaspace       used 40944K, committed 41536K, reserved 1114112K
  class space    used 5232K, committed 5504K, reserved 1048576K
GC Heap History (20 events):
Event: 1126.461 GC heap after
{Heap after GC invocations=116 (full 107):
 garbage-first heap   total 86016K, used 25181K [0x00000000c0000000, 0x0000000100000000)
  region size 1024K, 0 young (0K), 0 survivors (0K)
 Metaspace       used 40944K, committed 41536K, reserved 1114112K
  class space    used 5232K, committed 5504K, reserved 1048576K
}
Event: 1136.632 GC heap before
{Heap before GC invocations=116 (full 107):
 garbage-first heap   total 86016K, used 25181K [0x00000000c0000000, 0x0000000100000000)
  region size 1024K, 1 young (1024K), 0 survivors (0K)
 Metaspace       used 40944K, committed 41536K, reserved 1114112K
  class space    used 5232K, committed 5504K, reserved 1048576K
}
Event: 1136.653 GC heap after
{Heap after GC invocations=117 (full 108):
 garbage-first heap   total 86016K, used 25181K [0x00000000c0000000, 0x0000000100000000)
  region size 1024K, 0 young (0K), 0 survivors (0K)
 Metaspace       used 40944K, committed 41536K, reserved 1114112K
  class space    used 5232K, committed 5504K, reserved 1048576K
}
Event: 1146.819 GC heap before
{Heap before GC invocations=117 (full 108):
 garbage-first heap   total 86016K, used 25181K [0x00000000c0000000, 0x0000000100000000)
  region size 1024K, 1 young (1024K), 0 survivors (0K)
 Metaspace       used 40944K, committed 41536K, reserved 1114112K
  class space    used 5232K, committed 5504K, reserved 1048576K
}
Event: 1146.844 GC heap after
{Heap after GC invocations=118 (full 109):
 garbage-first heap   total 86016K, used 25181K [0x00000000c0000000, 0x0000000100000000)
  region size 1024K, 0 young (0K), 0 survivors (0K)
 Metaspace       used 40944K, committed 41536K, reserved 1114112K
  class space    used 5232K, committed 5504K, reserved 1048576K
}
Event: 1157.035 GC heap before
{Heap before GC invocations=118 (full 109):
 garbage-first heap   total 86016K, used 25181K [0x00000000c0000000, 0x0000000100000000)
  region size 1024K, 1 young (1024K), 0 survivors (0K)
 Metaspace       used 40944K, committed 41536K, reserved 1114112K
  class space    used 5232K, committed 5504K, reserved 1048576K
}
Event: 1157.058 GC heap after
{Heap after GC invocations=119 (full 110):
 garbage-first heap   total 86016K, used 25181K [0x00000000c0000000, 0x0000000100000000)
  region size 1024K, 0 young (0K), 0 survivors (0K)
 Metaspace       used 40944K, committed 41536K, reserved 1114112K
  class space    used 5232K, committed 5504K, reserved 1048576K
}
Event: 1167.219 GC heap before
{Heap before GC invocations=119 (full 110):
 garbage-first heap   total 86016K, used 25181K [0x00000000c0000000, 0x0000000100000000)
  region size 1024K, 1 young (1024K), 0 survivors (0K)
 Metaspace       used 40944K, committed 41536K, reserved 1114112K
  class space    used 5232K, committed 5504K, reserved 1048576K
}
Event: 1167.244 GC heap after
{Heap after GC invocations=120 (full 111):
 garbage-first heap   total 86016K, used 25181K [0x00000000c0000000, 0x0000000100000000)
  region size 1024K, 0 young (0K), 0 survivors (0K)
 Metaspace       used 40944K, committed 41536K, reserved 1114112K
  class space    used 5232K, committed 5504K, reserved 1048576K
}
Event: 1177.419 GC heap before
{Heap before GC invocations=120 (full 111):
 garbage-first heap   total 86016K, used 25181K [0x00000000c0000000, 0x0000000100000000)
  region size 1024K, 1 young (1024K), 0 survivors (0K)
 Metaspace       used 40944K, committed 41536K, reserved 1114112K
  class space    used 5232K, committed 5504K, reserved 1048576K
}
Event: 1177.440 GC heap after
{Heap after GC invocations=121 (full 112):
 garbage-first heap   total 86016K, used 25181K [0x00000000c0000000, 0x0000000100000000)
  region size 1024K, 0 young (0K), 0 survivors (0K)
 Metaspace       used 40944K, committed 41536K, reserved 1114112K
  class space    used 5232K, committed 5504K, reserved 1048576K
}
Event: 1187.621 GC heap before
{Heap before GC invocations=121 (full 112):
 garbage-first heap   total 86016K, used 25181K [0x00000000c0000000, 0x0000000100000000)
  region size 1024K, 1 young (1024K), 0 survivors (0K)
 Metaspace       used 40944K, committed 41536K, reserved 1114112K
  class space    used 5232K, committed 5504K, reserved 1048576K
}
Event: 1187.647 GC heap after
{Heap after GC invocations=122 (full 113):
 garbage-first heap   total 86016K, used 25181K [0x00000000c0000000, 0x0000000100000000)
  region size 1024K, 0 young (0K), 0 survivors (0K)
 Metaspace       used 40944K, committed 41536K, reserved 1114112K
  class space    used 5232K, committed 5504K, reserved 1048576K
}
Event: 1197.815 GC heap before
{Heap before GC invocations=122 (full 113):
 garbage-first heap   total 86016K, used 25181K [0x00000000c0000000, 0x0000000100000000)
  region size 1024K, 1 young (1024K), 0 survivors (0K)
 Metaspace       used 40944K, committed 41536K, reserved 1114112K
  class space    used 5232K, committed 5504K, reserved 1048576K
}
Event: 1197.838 GC heap after
{Heap after GC invocations=123 (full 114):
 garbage-first heap   total 86016K, used 25181K [0x00000000c0000000, 0x0000000100000000)
  region size 1024K, 0 young (0K), 0 survivors (0K)
 Metaspace       used 40944K, committed 41536K, reserved 1114112K
  class space    used 5232K, committed 5504K, reserved 1048576K
}
Event: 1208.015 GC heap before
{Heap before GC invocations=123 (full 114):
 garbage-first heap   total 86016K, used 25181K [0x00000000c0000000, 0x0000000100000000)
  region size 1024K, 1 young (1024K), 0 survivors (0K)
 Metaspace       used 40944K, committed 41536K, reserved 1114112K
  class space    used 5232K, committed 5504K, reserved 1048576K
}
Event: 1208.036 GC heap after
{Heap after GC invocations=124 (full 115):
 garbage-first heap   total 86016K, used 25181K [0x00000000c0000000, 0x0000000100000000)
  region size 1024K, 0 young (0K), 0 survivors (0K)
 Metaspace       used 40944K, committed 41536K, reserved 1114112K
  class space    used 5232K, committed 5504K, reserved 1048576K
}
Event: 1218.218 GC heap before
{Heap before GC invocations=124 (full 115):
 garbage-first heap   total 86016K, used 25181K [0x00000000c0000000, 0x0000000100000000)
  region size 1024K, 1 young (1024K), 0 survivors (0K)
 Metaspace       used 40944K, committed 41536K, reserved 1114112K
  class space    used 5232K, committed 5504K, reserved 1048576K
}
Event: 1218.244 GC heap after
{Heap after GC invocations=125 (full 116):
 garbage-first heap   total 86016K, used 25181K [0x00000000c0000000, 0x0000000100000000)
  region size 1024K, 0 young (0K), 0 survivors (0K)
 Metaspace       used 40944K, committed 41536K, reserved 1114112K
  class space    used 5232K, committed 5504K, reserved 1048576K
}
Event: 1228.282 GC heap before
{Heap before GC invocations=125 (full 116):
 garbage-first heap   total 86016K, used 25181K [0x00000000c0000000, 0x0000000100000000)
  region size 1024K, 1 young (1024K), 0 survivors (0K)
 Metaspace       used 40944K, committed 41536K, reserved 1114112K
  class space    used 5232K, committed 5504K, reserved 1048576K
}

