# JRE version: OpenJDK Runtime Environment Temurin-17.0.12+7 (17.0.12+7) (build 17.0.12+7)
# Java VM: OpenJDK 64-Bit Server VM Temurin-17.0.12+7 (17.0.12+7, mixed mode, emulated-client, tiered, compressed oops, compressed class ptrs, g1 gc, windows-amd64)
GC Precious Log:
 CPUs: 12 total, 12 available
 Memory: 7830M
 Large Page Support: Disabled
 NUMA Support: Disabled
 Compressed Oops: Enabled (32-bit)
 Heap Region Size: 1M
 Heap Min Capacity: 8M
 Heap Initial Capacity: 124M
 Heap Max Capacity: 1G
 Pre-touch: Disabled
 Parallel Workers: 10
 Concurrent Workers: 3
 Concurrent Refinement Workers: 10
 Periodic GC: Disabled
Heap:
 garbage-first heap   total 97280K, used 45630K [0x00000000c0000000, 0x0000000100000000)
  region size 1024K, 6 young (6144K), 0 survivors (0K)
 Metaspace       used 63103K, committed 63552K, reserved 1114112K
  class space    used 7767K, committed 8000K, reserved 1048576K
GC Heap History (20 events):
Event: 175224.446 GC heap after
{Heap after GC invocations=6000 (full 5958):
 garbage-first heap   total 97280K, used 40510K [0x00000000c0000000, 0x0000000100000000)
  region size 1024K, 0 young (0K), 0 survivors (0K)
 Metaspace       used 63103K, committed 63552K, reserved 1114112K
  class space    used 7767K, committed 8000K, reserved 1048576K
}
Event: 175234.781 GC heap before
{Heap before GC invocations=6000 (full 5958):
 garbage-first heap   total 97280K, used 40510K [0x00000000c0000000, 0x0000000100000000)
  region size 1024K, 1 young (1024K), 0 survivors (0K)
 Metaspace       used 63103K, committed 63552K, reserved 1114112K
  class space    used 7767K, committed 8000K, reserved 1048576K
}
Event: 175234.911 GC heap after
{Heap after GC invocations=6001 (full 5959):
 garbage-first heap   total 97280K, used 40510K [0x00000000c0000000, 0x0000000100000000)
  region size 1024K, 0 young (0K), 0 survivors (0K)
 Metaspace       used 63103K, committed 63552K, reserved 1114112K
  class space    used 7767K, committed 8000K, reserved 1048576K
}
Event: 175245.222 GC heap before
{Heap before GC invocations=6001 (full 5959):
 garbage-first heap   total 97280K, used 40510K [0x00000000c0000000, 0x0000000100000000)
  region size 1024K, 1 young (1024K), 0 survivors (0K)
 Metaspace       used 63103K, committed 63552K, reserved 1114112K
  class space    used 7767K, committed 8000K, reserved 1048576K
}
Event: 175245.324 GC heap after
{Heap after GC invocations=6002 (full 5960):
 garbage-first heap   total 97280K, used 40510K [0x00000000c0000000, 0x0000000100000000)
  region size 1024K, 0 young (0K), 0 survivors (0K)
 Metaspace       used 63103K, committed 63552K, reserved 1114112K
  class space    used 7767K, committed 8000K, reserved 1048576K
}
Event: 175255.607 GC heap before
{Heap before GC invocations=6002 (full 5960):
 garbage-first heap   total 97280K, used 40510K [0x00000000c0000000, 0x0000000100000000)
  region size 1024K, 1 young (1024K), 0 survivors (0K)
 Metaspace       used 63103K, committed 63552K, reserved 1114112K
  class space    used 7767K, committed 8000K, reserved 1048576K
}
Event: 175255.711 GC heap after
{Heap after GC invocations=6003 (full 5961):
 garbage-first heap   total 97280K, used 40510K [0x00000000c0000000, 0x0000000100000000)
  region size 1024K, 0 young (0K), 0 survivors (0K)
 Metaspace       used 63103K, committed 63552K, reserved 1114112K
  class space    used 7767K, committed 8000K, reserved 1048576K
}
Event: 175266.037 GC heap before
{Heap before GC invocations=6003 (full 5961):
 garbage-first heap   total 97280K, used 40510K [0x00000000c0000000, 0x0000000100000000)
  region size 1024K, 1 young (1024K), 0 survivors (0K)
 Metaspace       used 63103K, committed 63552K, reserved 1114112K
  class space    used 7767K, committed 8000K, reserved 1048576K
}
Event: 175266.148 GC heap after
{Heap after GC invocations=6004 (full 5962):
 garbage-first heap   total 97280K, used 40510K [0x00000000c0000000, 0x0000000100000000)
  region size 1024K, 0 young (0K), 0 survivors (0K)
 Metaspace       used 63103K, committed 63552K, reserved 1114112K
  class space    used 7767K, committed 8000K, reserved 1048576K
}
Event: 175276.449 GC heap before
{Heap before GC invocations=6004 (full 5962):
 garbage-first heap   total 97280K, used 40510K [0x00000000c0000000, 0x0000000100000000)
  region size 1024K, 1 young (1024K), 0 survivors (0K)
 Metaspace       used 63103K, committed 63552K, reserved 1114112K
  class space    used 7767K, committed 8000K, reserved 1048576K
}
Event: 175276.555 GC heap after
{Heap after GC invocations=6005 (full 5963):
 garbage-first heap   total 97280K, used 40510K [0x00000000c0000000, 0x0000000100000000)
  region size 1024K, 0 young (0K), 0 survivors (0K)
 Metaspace       used 63103K, committed 63552K, reserved 1114112K
  class space    used 7767K, committed 8000K, reserved 1048576K
}
Event: 175286.963 GC heap before
{Heap before GC invocations=6005 (full 5963):
 garbage-first heap   total 97280K, used 40510K [0x00000000c0000000, 0x0000000100000000)
  region size 1024K, 1 young (1024K), 0 survivors (0K)
 Metaspace       used 63103K, committed 63552K, reserved 1114112K
  class space    used 7767K, committed 8000K, reserved 1048576K
}
Event: 175287.030 GC heap after
{Heap after GC invocations=6006 (full 5964):
 garbage-first heap   total 97280K, used 40510K [0x00000000c0000000, 0x0000000100000000)
  region size 1024K, 0 young (0K), 0 survivors (0K)
 Metaspace       used 63103K, committed 63552K, reserved 1114112K
  class space    used 7767K, committed 8000K, reserved 1048576K
}
Event: 175297.711 GC heap before
{Heap before GC invocations=6006 (full 5964):
 garbage-first heap   total 97280K, used 40510K [0x00000000c0000000, 0x0000000100000000)
  region size 1024K, 1 young (1024K), 0 survivors (0K)
 Metaspace       used 63103K, committed 63552K, reserved 1114112K
  class space    used 7767K, committed 8000K, reserved 1048576K
}
Event: 175297.750 GC heap after
{Heap after GC invocations=6007 (full 5965):
 garbage-first heap   total 97280K, used 40510K [0x00000000c0000000, 0x0000000100000000)
  region size 1024K, 0 young (0K), 0 survivors (0K)
 Metaspace       used 63103K, committed 63552K, reserved 1114112K
  class space    used 7767K, committed 8000K, reserved 1048576K
}
Event: 176652.006 GC heap before
{Heap before GC invocations=6007 (full 5965):
 garbage-first heap   total 97280K, used 40510K [0x00000000c0000000, 0x0000000100000000)
  region size 1024K, 1 young (1024K), 0 survivors (0K)
 Metaspace       used 63103K, committed 63552K, reserved 1114112K
  class space    used 7767K, committed 8000K, reserved 1048576K
}
Event: 176652.051 GC heap after
{Heap after GC invocations=6008 (full 5966):
 garbage-first heap   total 97280K, used 40510K [0x00000000c0000000, 0x0000000100000000)
  region size 1024K, 0 young (0K), 0 survivors (0K)
 Metaspace       used 63103K, committed 63552K, reserved 1114112K
  class space    used 7767K, committed 8000K, reserved 1048576K
}
Event: 176662.308 GC heap before
{Heap before GC invocations=6008 (full 5966):
 garbage-first heap   total 97280K, used 40510K [0x00000000c0000000, 0x0000000100000000)
  region size 1024K, 1 young (1024K), 0 survivors (0K)
 Metaspace       used 63103K, committed 63552K, reserved 1114112K
  class space    used 7767K, committed 8000K, reserved 1048576K
}
Event: 176662.355 GC heap after
{Heap after GC invocations=6009 (full 5967):
 garbage-first heap   total 97280K, used 40510K [0x00000000c0000000, 0x0000000100000000)
  region size 1024K, 0 young (0K), 0 survivors (0K)
 Metaspace       used 63103K, committed 63552K, reserved 1114112K
  class space    used 7767K, committed 8000K, reserved 1048576K
}
Event: 176702.509 GC heap before
{Heap before GC invocations=6009 (full 5967):
 garbage-first heap   total 97280K, used 45630K [0x00000000c0000000, 0x0000000100000000)
  region size 1024K, 6 young (6144K), 0 survivors (0K)
 Metaspace       used 63103K, committed 63552K, reserved 1114112K
  class space    used 7767K, committed 8000K, reserved 1048576K
}

