# JRE version: OpenJDK Runtime Environment Temurin-17.0.12+7 (17.0.12+7) (build 17.0.12+7)
# Java VM: OpenJDK 64-Bit Server VM Temurin-17.0.12+7 (17.0.12+7, mixed mode, emulated-client, tiered, compressed oops, compressed class ptrs, g1 gc, windows-amd64)
GC Precious Log:
 CPUs: 12 total, 12 available
 Memory: 7830M
 Large Page Support: Disabled
 NUMA Support: Disabled
 Compressed Oops: Enabled (32-bit)
 Heap Region Size: 1M
 Heap Min Capacity: 8M
 Heap Initial Capacity: 124M
 Heap Max Capacity: 1G
 Pre-touch: Disabled
 Parallel Workers: 10
 Concurrent Workers: 3
 Concurrent Refinement Workers: 10
 Periodic GC: Disabled
Heap:
 garbage-first heap   total 109568K, used 43576K [0x00000000c0000000, 0x0000000100000000)
  region size 1024K, 1 young (1024K), 0 survivors (0K)
 Metaspace       used 64915K, committed 65728K, reserved 1114112K
  class space    used 8282K, committed 8576K, reserved 1048576K
GC Heap History (20 events):
Event: 3179.872 GC heap after
{Heap after GC invocations=223 (full 181):
 garbage-first heap   total 109568K, used 43576K [0x00000000c0000000, 0x0000000100000000)
  region size 1024K, 0 young (0K), 0 survivors (0K)
 Metaspace       used 64915K, committed 65728K, reserved 1114112K
  class space    used 8282K, committed 8576K, reserved 1048576K
}
Event: 3190.159 GC heap before
{Heap before GC invocations=223 (full 181):
 garbage-first heap   total 109568K, used 43576K [0x00000000c0000000, 0x0000000100000000)
  region size 1024K, 1 young (1024K), 0 survivors (0K)
 Metaspace       used 64915K, committed 65728K, reserved 1114112K
  class space    used 8282K, committed 8576K, reserved 1048576K
}
Event: 3190.279 GC heap after
{Heap after GC invocations=224 (full 182):
 garbage-first heap   total 109568K, used 43576K [0x00000000c0000000, 0x0000000100000000)
  region size 1024K, 0 young (0K), 0 survivors (0K)
 Metaspace       used 64915K, committed 65728K, reserved 1114112K
  class space    used 8282K, committed 8576K, reserved 1048576K
}
Event: 3200.570 GC heap before
{Heap before GC invocations=224 (full 182):
 garbage-first heap   total 109568K, used 43576K [0x00000000c0000000, 0x0000000100000000)
  region size 1024K, 1 young (1024K), 0 survivors (0K)
 Metaspace       used 64915K, committed 65728K, reserved 1114112K
  class space    used 8282K, committed 8576K, reserved 1048576K
}
Event: 3200.691 GC heap after
{Heap after GC invocations=225 (full 183):
 garbage-first heap   total 109568K, used 43576K [0x00000000c0000000, 0x0000000100000000)
  region size 1024K, 0 young (0K), 0 survivors (0K)
 Metaspace       used 64915K, committed 65728K, reserved 1114112K
  class space    used 8282K, committed 8576K, reserved 1048576K
}
Event: 3210.990 GC heap before
{Heap before GC invocations=225 (full 183):
 garbage-first heap   total 109568K, used 43576K [0x00000000c0000000, 0x0000000100000000)
  region size 1024K, 1 young (1024K), 0 survivors (0K)
 Metaspace       used 64915K, committed 65728K, reserved 1114112K
  class space    used 8282K, committed 8576K, reserved 1048576K
}
Event: 3211.095 GC heap after
{Heap after GC invocations=226 (full 184):
 garbage-first heap   total 109568K, used 43576K [0x00000000c0000000, 0x0000000100000000)
  region size 1024K, 0 young (0K), 0 survivors (0K)
 Metaspace       used 64915K, committed 65728K, reserved 1114112K
  class space    used 8282K, committed 8576K, reserved 1048576K
}
Event: 3221.414 GC heap before
{Heap before GC invocations=226 (full 184):
 garbage-first heap   total 109568K, used 43576K [0x00000000c0000000, 0x0000000100000000)
  region size 1024K, 1 young (1024K), 0 survivors (0K)
 Metaspace       used 64915K, committed 65728K, reserved 1114112K
  class space    used 8282K, committed 8576K, reserved 1048576K
}
Event: 3221.529 GC heap after
{Heap after GC invocations=227 (full 185):
 garbage-first heap   total 109568K, used 43576K [0x00000000c0000000, 0x0000000100000000)
  region size 1024K, 0 young (0K), 0 survivors (0K)
 Metaspace       used 64915K, committed 65728K, reserved 1114112K
  class space    used 8282K, committed 8576K, reserved 1048576K
}
Event: 3231.841 GC heap before
{Heap before GC invocations=227 (full 185):
 garbage-first heap   total 109568K, used 43576K [0x00000000c0000000, 0x0000000100000000)
  region size 1024K, 1 young (1024K), 0 survivors (0K)
 Metaspace       used 64915K, committed 65728K, reserved 1114112K
  class space    used 8282K, committed 8576K, reserved 1048576K
}
Event: 3231.964 GC heap after
{Heap after GC invocations=228 (full 186):
 garbage-first heap   total 109568K, used 43576K [0x00000000c0000000, 0x0000000100000000)
  region size 1024K, 0 young (0K), 0 survivors (0K)
 Metaspace       used 64915K, committed 65728K, reserved 1114112K
  class space    used 8282K, committed 8576K, reserved 1048576K
}
Event: 3242.311 GC heap before
{Heap before GC invocations=228 (full 186):
 garbage-first heap   total 109568K, used 43576K [0x00000000c0000000, 0x0000000100000000)
  region size 1024K, 1 young (1024K), 0 survivors (0K)
 Metaspace       used 64915K, committed 65728K, reserved 1114112K
  class space    used 8282K, committed 8576K, reserved 1048576K
}
Event: 3242.438 GC heap after
{Heap after GC invocations=229 (full 187):
 garbage-first heap   total 109568K, used 43576K [0x00000000c0000000, 0x0000000100000000)
  region size 1024K, 0 young (0K), 0 survivors (0K)
 Metaspace       used 64915K, committed 65728K, reserved 1114112K
  class space    used 8282K, committed 8576K, reserved 1048576K
}
Event: 3252.731 GC heap before
{Heap before GC invocations=229 (full 187):
 garbage-first heap   total 109568K, used 43576K [0x00000000c0000000, 0x0000000100000000)
  region size 1024K, 1 young (1024K), 0 survivors (0K)
 Metaspace       used 64915K, committed 65728K, reserved 1114112K
  class space    used 8282K, committed 8576K, reserved 1048576K
}
Event: 3252.836 GC heap after
{Heap after GC invocations=230 (full 188):
 garbage-first heap   total 109568K, used 43576K [0x00000000c0000000, 0x0000000100000000)
  region size 1024K, 0 young (0K), 0 survivors (0K)
 Metaspace       used 64915K, committed 65728K, reserved 1114112K
  class space    used 8282K, committed 8576K, reserved 1048576K
}
Event: 3263.163 GC heap before
{Heap before GC invocations=230 (full 188):
 garbage-first heap   total 109568K, used 43576K [0x00000000c0000000, 0x0000000100000000)
  region size 1024K, 1 young (1024K), 0 survivors (0K)
 Metaspace       used 64915K, committed 65728K, reserved 1114112K
  class space    used 8282K, committed 8576K, reserved 1048576K
}
Event: 3263.296 GC heap after
{Heap after GC invocations=231 (full 189):
 garbage-first heap   total 109568K, used 43576K [0x00000000c0000000, 0x0000000100000000)
  region size 1024K, 0 young (0K), 0 survivors (0K)
 Metaspace       used 64915K, committed 65728K, reserved 1114112K
  class space    used 8282K, committed 8576K, reserved 1048576K
}
Event: 3273.682 GC heap before
{Heap before GC invocations=231 (full 189):
 garbage-first heap   total 109568K, used 43576K [0x00000000c0000000, 0x0000000100000000)
  region size 1024K, 1 young (1024K), 0 survivors (0K)
 Metaspace       used 64915K, committed 65728K, reserved 1114112K
  class space    used 8282K, committed 8576K, reserved 1048576K
}
Event: 3273.787 GC heap after
{Heap after GC invocations=232 (full 190):
 garbage-first heap   total 109568K, used 43576K [0x00000000c0000000, 0x0000000100000000)
  region size 1024K, 0 young (0K), 0 survivors (0K)
 Metaspace       used 64915K, committed 65728K, reserved 1114112K
  class space    used 8282K, committed 8576K, reserved 1048576K
}
Event: 3284.078 GC heap before
{Heap before GC invocations=232 (full 190):
 garbage-first heap   total 109568K, used 43576K [0x00000000c0000000, 0x0000000100000000)
  region size 1024K, 1 young (1024K), 0 survivors (0K)
 Metaspace       used 64915K, committed 65728K, reserved 1114112K
  class space    used 8282K, committed 8576K, reserved 1048576K
}

