# JRE version: OpenJDK Runtime Environment Temurin-17.0.12+7 (17.0.12+7) (build 17.0.12+7)
# Java VM: OpenJDK 64-Bit Server VM Temurin-17.0.12+7 (17.0.12+7, mixed mode, emulated-client, tiered, compressed oops, compressed class ptrs, g1 gc, windows-amd64)
GC Precious Log:
 CPUs: 12 total, 12 available
 Memory: 7830M
 Large Page Support: Disabled
 NUMA Support: Disabled
 Compressed Oops: Enabled (32-bit)
 Heap Region Size: 1M
 Heap Min Capacity: 8M
 Heap Initial Capacity: 124M
 Heap Max Capacity: 1G
 Pre-touch: Disabled
 Parallel Workers: 10
 Concurrent Workers: 3
 Concurrent Refinement Workers: 10
 Periodic GC: Disabled
Heap:
 garbage-first heap   total 91136K, used 39226K [0x00000000c0000000, 0x0000000100000000)
  region size 1024K, 1 young (1024K), 0 survivors (0K)
 Metaspace       used 60588K, committed 61056K, reserved 1114112K
  class space    used 7615K, committed 7872K, reserved 1048576K
GC Heap History (20 events):
Event: 99735.535 GC heap after
{Heap after GC invocations=3954 (full 3933):
 garbage-first heap   total 91136K, used 39226K [0x00000000c0000000, 0x0000000100000000)
  region size 1024K, 0 young (0K), 0 survivors (0K)
 Metaspace       used 60588K, committed 61056K, reserved 1114112K
  class space    used 7615K, committed 7872K, reserved 1048576K
}
Event: 99745.884 GC heap before
{Heap before GC invocations=3954 (full 3933):
 garbage-first heap   total 91136K, used 39226K [0x00000000c0000000, 0x0000000100000000)
  region size 1024K, 1 young (1024K), 0 survivors (0K)
 Metaspace       used 60588K, committed 61056K, reserved 1114112K
  class space    used 7615K, committed 7872K, reserved 1048576K
}
Event: 99745.971 GC heap after
{Heap after GC invocations=3955 (full 3934):
 garbage-first heap   total 91136K, used 39226K [0x00000000c0000000, 0x0000000100000000)
  region size 1024K, 0 young (0K), 0 survivors (0K)
 Metaspace       used 60588K, committed 61056K, reserved 1114112K
  class space    used 7615K, committed 7872K, reserved 1048576K
}
Event: 99756.800 GC heap before
{Heap before GC invocations=3955 (full 3934):
 garbage-first heap   total 91136K, used 39226K [0x00000000c0000000, 0x0000000100000000)
  region size 1024K, 1 young (1024K), 0 survivors (0K)
 Metaspace       used 60588K, committed 61056K, reserved 1114112K
  class space    used 7615K, committed 7872K, reserved 1048576K
}
Event: 99756.898 GC heap after
{Heap after GC invocations=3956 (full 3935):
 garbage-first heap   total 91136K, used 39226K [0x00000000c0000000, 0x0000000100000000)
  region size 1024K, 0 young (0K), 0 survivors (0K)
 Metaspace       used 60588K, committed 61056K, reserved 1114112K
  class space    used 7615K, committed 7872K, reserved 1048576K
}
Event: 99767.207 GC heap before
{Heap before GC invocations=3956 (full 3935):
 garbage-first heap   total 91136K, used 39226K [0x00000000c0000000, 0x0000000100000000)
  region size 1024K, 1 young (1024K), 0 survivors (0K)
 Metaspace       used 60588K, committed 61056K, reserved 1114112K
  class space    used 7615K, committed 7872K, reserved 1048576K
}
Event: 99767.295 GC heap after
{Heap after GC invocations=3957 (full 3936):
 garbage-first heap   total 91136K, used 39226K [0x00000000c0000000, 0x0000000100000000)
  region size 1024K, 0 young (0K), 0 survivors (0K)
 Metaspace       used 60588K, committed 61056K, reserved 1114112K
  class space    used 7615K, committed 7872K, reserved 1048576K
}
Event: 99777.667 GC heap before
{Heap before GC invocations=3957 (full 3936):
 garbage-first heap   total 91136K, used 39226K [0x00000000c0000000, 0x0000000100000000)
  region size 1024K, 1 young (1024K), 0 survivors (0K)
 Metaspace       used 60588K, committed 61056K, reserved 1114112K
  class space    used 7615K, committed 7872K, reserved 1048576K
}
Event: 99777.767 GC heap after
{Heap after GC invocations=3958 (full 3937):
 garbage-first heap   total 91136K, used 39226K [0x00000000c0000000, 0x0000000100000000)
  region size 1024K, 0 young (0K), 0 survivors (0K)
 Metaspace       used 60588K, committed 61056K, reserved 1114112K
  class space    used 7615K, committed 7872K, reserved 1048576K
}
Event: 99788.058 GC heap before
{Heap before GC invocations=3958 (full 3937):
 garbage-first heap   total 91136K, used 39226K [0x00000000c0000000, 0x0000000100000000)
  region size 1024K, 1 young (1024K), 0 survivors (0K)
 Metaspace       used 60588K, committed 61056K, reserved 1114112K
  class space    used 7615K, committed 7872K, reserved 1048576K
}
Event: 99788.136 GC heap after
{Heap after GC invocations=3959 (full 3938):
 garbage-first heap   total 91136K, used 39226K [0x00000000c0000000, 0x0000000100000000)
  region size 1024K, 0 young (0K), 0 survivors (0K)
 Metaspace       used 60588K, committed 61056K, reserved 1114112K
  class space    used 7615K, committed 7872K, reserved 1048576K
}
Event: 99798.743 GC heap before
{Heap before GC invocations=3959 (full 3938):
 garbage-first heap   total 91136K, used 39226K [0x00000000c0000000, 0x0000000100000000)
  region size 1024K, 1 young (1024K), 0 survivors (0K)
 Metaspace       used 60588K, committed 61056K, reserved 1114112K
  class space    used 7615K, committed 7872K, reserved 1048576K
}
Event: 99798.846 GC heap after
{Heap after GC invocations=3960 (full 3939):
 garbage-first heap   total 91136K, used 39226K [0x00000000c0000000, 0x0000000100000000)
  region size 1024K, 0 young (0K), 0 survivors (0K)
 Metaspace       used 60588K, committed 61056K, reserved 1114112K
  class space    used 7615K, committed 7872K, reserved 1048576K
}
Event: 99809.168 GC heap before
{Heap before GC invocations=3960 (full 3939):
 garbage-first heap   total 91136K, used 39226K [0x00000000c0000000, 0x0000000100000000)
  region size 1024K, 1 young (1024K), 0 survivors (0K)
 Metaspace       used 60588K, committed 61056K, reserved 1114112K
  class space    used 7615K, committed 7872K, reserved 1048576K
}
Event: 99809.264 GC heap after
{Heap after GC invocations=3961 (full 3940):
 garbage-first heap   total 91136K, used 39226K [0x00000000c0000000, 0x0000000100000000)
  region size 1024K, 0 young (0K), 0 survivors (0K)
 Metaspace       used 60588K, committed 61056K, reserved 1114112K
  class space    used 7615K, committed 7872K, reserved 1048576K
}
Event: 99819.571 GC heap before
{Heap before GC invocations=3961 (full 3940):
 garbage-first heap   total 91136K, used 39226K [0x00000000c0000000, 0x0000000100000000)
  region size 1024K, 1 young (1024K), 0 survivors (0K)
 Metaspace       used 60588K, committed 61056K, reserved 1114112K
  class space    used 7615K, committed 7872K, reserved 1048576K
}
Event: 99819.655 GC heap after
{Heap after GC invocations=3962 (full 3941):
 garbage-first heap   total 91136K, used 39226K [0x00000000c0000000, 0x0000000100000000)
  region size 1024K, 0 young (0K), 0 survivors (0K)
 Metaspace       used 60588K, committed 61056K, reserved 1114112K
  class space    used 7615K, committed 7872K, reserved 1048576K
}
Event: 99830.075 GC heap before
{Heap before GC invocations=3962 (full 3941):
 garbage-first heap   total 91136K, used 39226K [0x00000000c0000000, 0x0000000100000000)
  region size 1024K, 1 young (1024K), 0 survivors (0K)
 Metaspace       used 60588K, committed 61056K, reserved 1114112K
  class space    used 7615K, committed 7872K, reserved 1048576K
}
Event: 99830.169 GC heap after
{Heap after GC invocations=3963 (full 3942):
 garbage-first heap   total 91136K, used 39226K [0x00000000c0000000, 0x0000000100000000)
  region size 1024K, 0 young (0K), 0 survivors (0K)
 Metaspace       used 60588K, committed 61056K, reserved 1114112K
  class space    used 7615K, committed 7872K, reserved 1048576K
}
Event: 99840.286 GC heap before
{Heap before GC invocations=3963 (full 3942):
 garbage-first heap   total 91136K, used 39226K [0x00000000c0000000, 0x0000000100000000)
  region size 1024K, 1 young (1024K), 0 survivors (0K)
 Metaspace       used 60588K, committed 61056K, reserved 1114112K
  class space    used 7615K, committed 7872K, reserved 1048576K
}

